# JRE version: OpenJDK Runtime Environment (8.0_212-b04) (build 1.8.0_212-release-1586-b04)
# Java VM: OpenJDK 64-Bit Server VM (25.212-b04 mixed mode windows-amd64 compressed oops)
Heap:
 PSYoungGen      total 107008K, used 69976K [0x00000000e0000000, 0x00000000e8380000, 0x0000000100000000)
  eden space 98816K, 62% used [0x00000000e0000000,0x00000000e3c5d3d0,0x00000000e6080000)
  from space 8192K, 99% used [0x00000000e6080000,0x00000000e6878f88,0x00000000e6880000)
  to   space 8704K, 0% used [0x00000000e7b00000,0x00000000e7b00000,0x00000000e8380000)
 ParOldGen       total 33792K, used 20931K [0x00000000a0000000, 0x00000000a2100000, 0x00000000e0000000)
  object space 33792K, 61% used [0x00000000a0000000,0x00000000a1470e18,0x00000000a2100000)
 Metaspace       used 50505K, capacity 52006K, committed 52096K, reserved 1093632K
  class space    used 6862K, capacity 7250K, committed 7296K, reserved 1048576K
GC Heap History (10 events):
Event: 5.050 GC heap before
{Heap before GC invocations=11 (full 1):
 PSYoungGen      total 69632K, used 62976K [0x00000000e0000000, 0x00000000e7080000, 0x0000000100000000)
  eden space 62976K, 100% used [0x00000000e0000000,0x00000000e3d80000,0x00000000e3d80000)
  from space 6656K, 0% used [0x00000000e3d80000,0x00000000e3d80000,0x00000000e4400000)
  to   space 7168K, 0% used [0x00000000e6980000,0x00000000e6980000,0x00000000e7080000)
 ParOldGen       total 33792K, used 9747K [0x00000000a0000000, 0x00000000a2100000, 0x00000000e0000000)
  object space 33792K, 28% used [0x00000000a0000000,0x00000000a0984fd0,0x00000000a2100000)
 Metaspace       used 29042K, capacity 29576K, committed 29696K, reserved 1075200K
  class space    used 3909K, capacity 4067K, committed 4096K, reserved 1048576K
Event: 5.059 GC heap after
Heap after GC invocations=11 (full 1):
 PSYoungGen      total 93696K, used 7148K [0x00000000e0000000, 0x00000000e7080000, 0x0000000100000000)
  eden space 86528K, 0% used [0x00000000e0000000,0x00000000e0000000,0x00000000e5480000)
  from space 7168K, 99% used [0x00000000e6980000,0x00000000e707b380,0x00000000e7080000)
  to   space 8192K, 0% used [0x00000000e6080000,0x00000000e6080000,0x00000000e6880000)
 ParOldGen       total 33792K, used 10542K [0x00000000a0000000, 0x00000000a2100000, 0x00000000e0000000)
  object space 33792K, 31% used [0x00000000a0000000,0x00000000a0a4bba0,0x00000000a2100000)
 Metaspace       used 29042K, capacity 29576K, committed 29696K, reserved 1075200K
  class space    used 3909K, capacity 4067K, committed 4096K, reserved 1048576K
}
Event: 7.554 GC heap before
{Heap before GC invocations=12 (full 1):
 PSYoungGen      total 93696K, used 93676K [0x00000000e0000000, 0x00000000e7080000, 0x0000000100000000)
  eden space 86528K, 100% used [0x00000000e0000000,0x00000000e5480000,0x00000000e5480000)
  from space 7168K, 99% used [0x00000000e6980000,0x00000000e707b380,0x00000000e7080000)
  to   space 8192K, 0% used [0x00000000e6080000,0x00000000e6080000,0x00000000e6880000)
 ParOldGen       total 33792K, used 10542K [0x00000000a0000000, 0x00000000a2100000, 0x00000000e0000000)
  object space 33792K, 31% used [0x00000000a0000000,0x00000000a0a4bba0,0x00000000a2100000)
 Metaspace       used 33015K, capacity 33582K, committed 33792K, reserved 1079296K
  class space    used 4527K, capacity 4740K, committed 4864K, reserved 1048576K
Event: 7.577 GC heap after
Heap after GC invocations=12 (full 1):
 PSYoungGen      total 107008K, used 6219K [0x00000000e0000000, 0x00000000e8380000, 0x0000000100000000)
  eden space 98816K, 0% used [0x00000000e0000000,0x00000000e0000000,0x00000000e6080000)
  from space 8192K, 75% used [0x00000000e6080000,0x00000000e6692c88,0x00000000e6880000)
  to   space 8704K, 0% used [0x00000000e7b00000,0x00000000e7b00000,0x00000000e8380000)
 ParOldGen       total 33792K, used 13946K [0x00000000a0000000, 0x00000000a2100000, 0x00000000e0000000)
  object space 33792K, 41% used [0x00000000a0000000,0x00000000a0d9ebd0,0x00000000a2100000)
 Metaspace       used 33015K, capacity 33582K, committed 33792K, reserved 1079296K
  class space    used 4527K, capacity 4740K, committed 4864K, reserved 1048576K
}
Event: 8.348 GC heap before
{Heap before GC invocations=13 (full 1):
 PSYoungGen      total 107008K, used 47783K [0x00000000e0000000, 0x00000000e8380000, 0x0000000100000000)
  eden space 98816K, 42% used [0x00000000e0000000,0x00000000e2896fe0,0x00000000e6080000)
  from space 8192K, 75% used [0x00000000e6080000,0x00000000e6692c88,0x00000000e6880000)
  to   space 8704K, 0% used [0x00000000e7b00000,0x00000000e7b00000,0x00000000e8380000)
 ParOldGen       total 33792K, used 13946K [0x00000000a0000000, 0x00000000a2100000, 0x00000000e0000000)
  object space 33792K, 41% used [0x00000000a0000000,0x00000000a0d9ebd0,0x00000000a2100000)
 Metaspace       used 34688K, capacity 35454K, committed 35456K, reserved 1079296K
  class space    used 4760K, capacity 4990K, committed 4992K, reserved 1048576K
Event: 8.359 GC heap after
Heap after GC invocations=13 (full 1):
 PSYoungGen      total 107520K, used 3445K [0x00000000e0000000, 0x00000000e8380000, 0x0000000100000000)
  eden space 98816K, 0% used [0x00000000e0000000,0x00000000e0000000,0x00000000e6080000)
  from space 8704K, 39% used [0x00000000e7b00000,0x00000000e7e5d490,0x00000000e8380000)
  to   space 8192K, 0% used [0x00000000e6080000,0x00000000e6080000,0x00000000e6880000)
 ParOldGen       total 33792K, used 16122K [0x00000000a0000000, 0x00000000a2100000, 0x00000000e0000000)
  object space 33792K, 47% used [0x00000000a0000000,0x00000000a0fbebe8,0x00000000a2100000)
 Metaspace       used 34688K, capacity 35454K, committed 35456K, reserved 1079296K
  class space    used 4760K, capacity 4990K, committed 4992K, reserved 1048576K
}
Event: 8.359 GC heap before
{Heap before GC invocations=14 (full 2):
 PSYoungGen      total 107520K, used 3445K [0x00000000e0000000, 0x00000000e8380000, 0x0000000100000000)
  eden space 98816K, 0% used [0x00000000e0000000,0x00000000e0000000,0x00000000e6080000)
  from space 8704K, 39% used [0x00000000e7b00000,0x00000000e7e5d490,0x00000000e8380000)
  to   space 8192K, 0% used [0x00000000e6080000,0x00000000e6080000,0x00000000e6880000)
 ParOldGen       total 33792K, used 16122K [0x00000000a0000000, 0x00000000a2100000, 0x00000000e0000000)
  object space 33792K, 47% used [0x00000000a0000000,0x00000000a0fbebe8,0x00000000a2100000)
 Metaspace       used 34688K, capacity 35454K, committed 35456K, reserved 1079296K
  class space    used 4760K, capacity 4990K, committed 4992K, reserved 1048576K
Event: 8.440 GC heap after
Heap after GC invocations=14 (full 2):
 PSYoungGen      total 107520K, used 0K [0x00000000e0000000, 0x00000000e8380000, 0x0000000100000000)
  eden space 98816K, 0% used [0x00000000e0000000,0x00000000e0000000,0x00000000e6080000)
  from space 8704K, 0% used [0x00000000e7b00000,0x00000000e7b00000,0x00000000e8380000)
  to   space 8192K, 0% used [0x00000000e6080000,0x00000000e6080000,0x00000000e6880000)
 ParOldGen       total 33792K, used 15747K [0x00000000a0000000, 0x00000000a2100000, 0x00000000e0000000)
  object space 33792K, 46% used [0x00000000a0000000,0x00000000a0f60fd0,0x00000000a2100000)
 Metaspace       used 34688K, capacity 35454K, committed 35456K, reserved 1079296K
  class space    used 4760K, capacity 4990K, committed 4992K, reserved 1048576K
}
Event: 10.147 GC heap before
{Heap before GC invocations=15 (full 2):
 PSYoungGen      total 107520K, used 98081K [0x00000000e0000000, 0x00000000e8380000, 0x0000000100000000)
  eden space 98816K, 99% used [0x00000000e0000000,0x00000000e5fc8778,0x00000000e6080000)
  from space 8704K, 0% used [0x00000000e7b00000,0x00000000e7b00000,0x00000000e8380000)
  to   space 8192K, 0% used [0x00000000e6080000,0x00000000e6080000,0x00000000e6880000)
 ParOldGen       total 33792K, used 15747K [0x00000000a0000000, 0x00000000a2100000, 0x00000000e0000000)
  object space 33792K, 46% used [0x00000000a0000000,0x00000000a0f60fd0,0x00000000a2100000)
 Metaspace       used 44582K, capacity 45664K, committed 45824K, reserved 1089536K
  class space    used 6010K, capacity 6316K, committed 6400K, reserved 1048576K
Event: 10.163 GC heap after
Heap after GC invocations=15 (full 2):
 PSYoungGen      total 107008K, used 8163K [0x00000000e0000000, 0x00000000e8380000, 0x0000000100000000)
  eden space 98816K, 0% used [0x00000000e0000000,0x00000000e0000000,0x00000000e6080000)
  from space 8192K, 99% used [0x00000000e6080000,0x00000000e6878f88,0x00000000e6880000)
  to   space 8704K, 0% used [0x00000000e7b00000,0x00000000e7b00000,0x00000000e8380000)
 ParOldGen       total 33792K, used 20931K [0x00000000a0000000, 0x00000000a2100000, 0x00000000e0000000)
  object space 33792K, 61% used [0x00000000a0000000,0x00000000a1470e18,0x00000000a2100000)
 Metaspace       used 44582K, capacity 45664K, committed 45824K, reserved 1089536K
  class space    used 6010K, capacity 6316K, committed 6400K, reserved 1048576K
}

