# JRE version: OpenJDK Runtime Environment (8.0_212-b04) (build 1.8.0_212-release-1586-b04)
# Java VM: OpenJDK 64-Bit Server VM (25.212-b04 mixed mode windows-amd64 compressed oops)
Heap:
 PSYoungGen      total 71680K, used 9251K [0x00000000e0000000, 0x00000000e6500000, 0x0000000100000000)
  eden space 60928K, 2% used [0x00000000e0000000,0x00000000e0136ac8,0x00000000e3b80000)
  from space 10752K, 74% used [0x00000000e3b80000,0x00000000e43522a8,0x00000000e4600000)
  to   space 11264K, 0% used [0x00000000e5a00000,0x00000000e5a00000,0x00000000e6500000)
 ParOldGen       total 40448K, used 13906K [0x00000000a0000000, 0x00000000a2780000, 0x00000000e0000000)
  object space 40448K, 34% used [0x00000000a0000000,0x00000000a0d94878,0x00000000a2780000)
 Metaspace       used 31844K, capacity 32396K, committed 32512K, reserved 1077248K
  class space    used 4361K, capacity 4559K, committed 4608K, reserved 1048576K
GC Heap History (10 events):
Event: 2.445 GC heap after
Heap after GC invocations=5 (full 0):
 PSYoungGen      total 35328K, used 2560K [0x00000000e0000000, 0x00000000e4c00000, 0x0000000100000000)
  eden space 32768K, 0% used [0x00000000e0000000,0x00000000e0000000,0x00000000e2000000)
  from space 2560K, 100% used [0x00000000e2000000,0x00000000e2280000,0x00000000e2280000)
  to   space 6144K, 0% used [0x00000000e4600000,0x00000000e4600000,0x00000000e4c00000)
 ParOldGen       total 44032K, used 4873K [0x00000000a0000000, 0x00000000a2b00000, 0x00000000e0000000)
  object space 44032K, 11% used [0x00000000a0000000,0x00000000a04c25d8,0x00000000a2b00000)
 Metaspace       used 12350K, capacity 12762K, committed 12928K, reserved 1060864K
  class space    used 1652K, capacity 1803K, committed 1920K, reserved 1048576K
}
Event: 2.860 GC heap before
{Heap before GC invocations=6 (full 0):
 PSYoungGen      total 35328K, used 35328K [0x00000000e0000000, 0x00000000e4c00000, 0x0000000100000000)
  eden space 32768K, 100% used [0x00000000e0000000,0x00000000e2000000,0x00000000e2000000)
  from space 2560K, 100% used [0x00000000e2000000,0x00000000e2280000,0x00000000e2280000)
  to   space 6144K, 0% used [0x00000000e4600000,0x00000000e4600000,0x00000000e4c00000)
 ParOldGen       total 44032K, used 4873K [0x00000000a0000000, 0x00000000a2b00000, 0x00000000e0000000)
  object space 44032K, 11% used [0x00000000a0000000,0x00000000a04c25d8,0x00000000a2b00000)
 Metaspace       used 14689K, capacity 15042K, committed 15232K, reserved 1062912K
  class space    used 2049K, capacity 2159K, committed 2176K, reserved 1048576K
Event: 2.871 GC heap after
Heap after GC invocations=6 (full 0):
 PSYoungGen      total 70656K, used 5905K [0x00000000e0000000, 0x00000000e4e00000, 0x0000000100000000)
  eden space 64512K, 0% used [0x00000000e0000000,0x00000000e0000000,0x00000000e3f00000)
  from space 6144K, 96% used [0x00000000e4600000,0x00000000e4bc45e0,0x00000000e4c00000)
  to   space 7168K, 0% used [0x00000000e3f00000,0x00000000e3f00000,0x00000000e4600000)
 ParOldGen       total 44032K, used 4881K [0x00000000a0000000, 0x00000000a2b00000, 0x00000000e0000000)
  object space 44032K, 11% used [0x00000000a0000000,0x00000000a04c45d8,0x00000000a2b00000)
 Metaspace       used 14689K, capacity 15042K, committed 15232K, reserved 1062912K
  class space    used 2049K, capacity 2159K, committed 2176K, reserved 1048576K
}
Event: 4.156 GC heap before
{Heap before GC invocations=7 (full 0):
 PSYoungGen      total 70656K, used 69732K [0x00000000e0000000, 0x00000000e4e00000, 0x0000000100000000)
  eden space 64512K, 98% used [0x00000000e0000000,0x00000000e3e54a58,0x00000000e3f00000)
  from space 6144K, 96% used [0x00000000e4600000,0x00000000e4bc45e0,0x00000000e4c00000)
  to   space 7168K, 0% used [0x00000000e3f00000,0x00000000e3f00000,0x00000000e4600000)
 ParOldGen       total 44032K, used 4881K [0x00000000a0000000, 0x00000000a2b00000, 0x00000000e0000000)
  object space 44032K, 11% used [0x00000000a0000000,0x00000000a04c45d8,0x00000000a2b00000)
 Metaspace       used 20730K, capacity 21202K, committed 21296K, reserved 1067008K
  class space    used 2990K, capacity 3161K, committed 3200K, reserved 1048576K
Event: 4.174 GC heap after
Heap after GC invocations=7 (full 0):
 PSYoungGen      total 71680K, used 7143K [0x00000000e0000000, 0x00000000e4e00000, 0x0000000100000000)
  eden space 64512K, 0% used [0x00000000e0000000,0x00000000e0000000,0x00000000e3f00000)
  from space 7168K, 99% used [0x00000000e3f00000,0x00000000e45f9d68,0x00000000e4600000)
  to   space 6144K, 0% used [0x00000000e4600000,0x00000000e4600000,0x00000000e4c00000)
 ParOldGen       total 44032K, used 8673K [0x00000000a0000000, 0x00000000a2b00000, 0x00000000e0000000)
  object space 44032K, 19% used [0x00000000a0000000,0x00000000a0878498,0x00000000a2b00000)
 Metaspace       used 20730K, capacity 21202K, committed 21296K, reserved 1067008K
  class space    used 2990K, capacity 3161K, committed 3200K, reserved 1048576K
}
Event: 4.174 GC heap before
{Heap before GC invocations=8 (full 1):
 PSYoungGen      total 71680K, used 7143K [0x00000000e0000000, 0x00000000e4e00000, 0x0000000100000000)
  eden space 64512K, 0% used [0x00000000e0000000,0x00000000e0000000,0x00000000e3f00000)
  from space 7168K, 99% used [0x00000000e3f00000,0x00000000e45f9d68,0x00000000e4600000)
  to   space 6144K, 0% used [0x00000000e4600000,0x00000000e4600000,0x00000000e4c00000)
 ParOldGen       total 44032K, used 8673K [0x00000000a0000000, 0x00000000a2b00000, 0x00000000e0000000)
  object space 44032K, 19% used [0x00000000a0000000,0x00000000a0878498,0x00000000a2b00000)
 Metaspace       used 20730K, capacity 21202K, committed 21296K, reserved 1067008K
  class space    used 2990K, capacity 3161K, committed 3200K, reserved 1048576K
Event: 4.228 GC heap after
Heap after GC invocations=8 (full 1):
 PSYoungGen      total 71680K, used 0K [0x00000000e0000000, 0x00000000e4e00000, 0x0000000100000000)
  eden space 64512K, 0% used [0x00000000e0000000,0x00000000e0000000,0x00000000e3f00000)
  from space 7168K, 0% used [0x00000000e3f00000,0x00000000e3f00000,0x00000000e4600000)
  to   space 6144K, 0% used [0x00000000e4600000,0x00000000e4600000,0x00000000e4c00000)
 ParOldGen       total 40448K, used 12098K [0x00000000a0000000, 0x00000000a2780000, 0x00000000e0000000)
  object space 40448K, 29% used [0x00000000a0000000,0x00000000a0bd0a20,0x00000000a2780000)
 Metaspace       used 20730K, capacity 21202K, committed 21296K, reserved 1067008K
  class space    used 2990K, capacity 3161K, committed 3200K, reserved 1048576K
}
Event: 5.372 GC heap before
{Heap before GC invocations=9 (full 1):
 PSYoungGen      total 71680K, used 64512K [0x00000000e0000000, 0x00000000e4e00000, 0x0000000100000000)
  eden space 64512K, 100% used [0x00000000e0000000,0x00000000e3f00000,0x00000000e3f00000)
  from space 7168K, 0% used [0x00000000e3f00000,0x00000000e3f00000,0x00000000e4600000)
  to   space 6144K, 0% used [0x00000000e4600000,0x00000000e4600000,0x00000000e4c00000)
 ParOldGen       total 40448K, used 12098K [0x00000000a0000000, 0x00000000a2780000, 0x00000000e0000000)
  object space 40448K, 29% used [0x00000000a0000000,0x00000000a0bd0a20,0x00000000a2780000)
 Metaspace       used 29118K, capacity 29704K, committed 30080K, reserved 1075200K
  class space    used 3919K, capacity 4131K, committed 4224K, reserved 1048576K
Event: 5.384 GC heap after
Heap after GC invocations=9 (full 1):
 PSYoungGen      total 67072K, used 6138K [0x00000000e0000000, 0x00000000e7480000, 0x0000000100000000)
  eden space 60928K, 0% used [0x00000000e0000000,0x00000000e0000000,0x00000000e3b80000)
  from space 6144K, 99% used [0x00000000e4600000,0x00000000e4bfe850,0x00000000e4c00000)
  to   space 10752K, 0% used [0x00000000e3b80000,0x00000000e3b80000,0x00000000e4600000)
 ParOldGen       total 40448K, used 13898K [0x00000000a0000000, 0x00000000a2780000, 0x00000000e0000000)
  object space 40448K, 34% used [0x00000000a0000000,0x00000000a0d92878,0x00000000a2780000)
 Metaspace       used 29118K, capacity 29704K, committed 30080K, reserved 1075200K
  class space    used 3919K, capacity 4131K, committed 4224K, reserved 1048576K
}
Event: 6.315 GC heap before
{Heap before GC invocations=10 (full 1):
 PSYoungGen      total 67072K, used 67066K [0x00000000e0000000, 0x00000000e7480000, 0x0000000100000000)
  eden space 60928K, 100% used [0x00000000e0000000,0x00000000e3b80000,0x00000000e3b80000)
  from space 6144K, 99% used [0x00000000e4600000,0x00000000e4bfe850,0x00000000e4c00000)
  to   space 10752K, 0% used [0x00000000e3b80000,0x00000000e3b80000,0x00000000e4600000)
 ParOldGen       total 40448K, used 13898K [0x00000000a0000000, 0x00000000a2780000, 0x00000000e0000000)
  object space 40448K, 34% used [0x00000000a0000000,0x00000000a0d92878,0x00000000a2780000)
 Metaspace       used 31832K, capacity 32396K, committed 32512K, reserved 1077248K
  class space    used 4359K, capacity 4559K, committed 4608K, reserved 1048576K

