# JRE version: OpenJDK Runtime Environment (8.0_212-b04) (build 1.8.0_212-release-1586-b04)
# Java VM: OpenJDK 64-Bit Server VM (25.212-b04 mixed mode windows-amd64 compressed oops)
Heap:
 PSYoungGen      total 132608K, used 128752K [0x00000000e0000000, 0x00000000e8f00000, 0x0000000100000000)
  eden space 121856K, 96% used [0x00000000e0000000,0x00000000e733c738,0x00000000e7700000)
  from space 10752K, 99% used [0x00000000e7b00000,0x00000000e857f910,0x00000000e8580000)
  to   space 9728K, 0% used [0x00000000e8580000,0x00000000e8580000,0x00000000e8f00000)
 ParOldGen       total 41472K, used 20017K [0x00000000a0000000, 0x00000000a2880000, 0x00000000e0000000)
  object space 41472K, 48% used [0x00000000a0000000,0x00000000a138c5f8,0x00000000a2880000)
 Metaspace       used 55861K, capacity 57672K, committed 57856K, reserved 1099776K
  class space    used 7690K, capacity 8115K, committed 8192K, reserved 1048576K
GC Heap History (10 events):
Event: 5.708 GC heap before
{Heap before GC invocations=9 (full 1):
 PSYoungGen      total 71680K, used 64512K [0x00000000e0000000, 0x00000000e9200000, 0x0000000100000000)
  eden space 64512K, 100% used [0x00000000e0000000,0x00000000e3f00000,0x00000000e3f00000)
  from space 7168K, 0% used [0x00000000e3f00000,0x00000000e3f00000,0x00000000e4600000)
  to   space 10240K, 0% used [0x00000000e8800000,0x00000000e8800000,0x00000000e9200000)
 ParOldGen       total 41472K, used 12101K [0x00000000a0000000, 0x00000000a2880000, 0x00000000e0000000)
  object space 41472K, 29% used [0x00000000a0000000,0x00000000a0bd1530,0x00000000a2880000)
 Metaspace       used 29103K, capacity 29672K, committed 30080K, reserved 1075200K
  class space    used 3920K, capacity 4099K, committed 4224K, reserved 1048576K
Event: 5.721 GC heap after
Heap after GC invocations=9 (full 1):
 PSYoungGen      total 103424K, used 7908K [0x00000000e0000000, 0x00000000e9000000, 0x0000000100000000)
  eden space 95232K, 0% used [0x00000000e0000000,0x00000000e0000000,0x00000000e5d00000)
  from space 8192K, 96% used [0x00000000e8800000,0x00000000e8fb9300,0x00000000e9000000)
  to   space 10752K, 0% used [0x00000000e7b00000,0x00000000e7b00000,0x00000000e8580000)
 ParOldGen       total 41472K, used 12109K [0x00000000a0000000, 0x00000000a2880000, 0x00000000e0000000)
  object space 41472K, 29% used [0x00000000a0000000,0x00000000a0bd3530,0x00000000a2880000)
 Metaspace       used 29103K, capacity 29672K, committed 30080K, reserved 1075200K
  class space    used 3920K, capacity 4099K, committed 4224K, reserved 1048576K
}
Event: 7.332 GC heap before
{Heap before GC invocations=10 (full 1):
 PSYoungGen      total 103424K, used 103140K [0x00000000e0000000, 0x00000000e9000000, 0x0000000100000000)
  eden space 95232K, 100% used [0x00000000e0000000,0x00000000e5d00000,0x00000000e5d00000)
  from space 8192K, 96% used [0x00000000e8800000,0x00000000e8fb9300,0x00000000e9000000)
  to   space 10752K, 0% used [0x00000000e7b00000,0x00000000e7b00000,0x00000000e8580000)
 ParOldGen       total 41472K, used 12109K [0x00000000a0000000, 0x00000000a2880000, 0x00000000e0000000)
  object space 41472K, 29% used [0x00000000a0000000,0x00000000a0bd3530,0x00000000a2880000)
 Metaspace       used 33554K, capacity 34214K, committed 34304K, reserved 1079296K
  class space    used 4600K, capacity 4814K, committed 4864K, reserved 1048576K
Event: 7.351 GC heap after
Heap after GC invocations=10 (full 1):
 PSYoungGen      total 132608K, used 10406K [0x00000000e0000000, 0x00000000e8f00000, 0x0000000100000000)
  eden space 121856K, 0% used [0x00000000e0000000,0x00000000e0000000,0x00000000e7700000)
  from space 10752K, 96% used [0x00000000e7b00000,0x00000000e8529960,0x00000000e8580000)
  to   space 9728K, 0% used [0x00000000e8580000,0x00000000e8580000,0x00000000e8f00000)
 ParOldGen       total 41472K, used 12117K [0x00000000a0000000, 0x00000000a2880000, 0x00000000e0000000)
  object space 41472K, 29% used [0x00000000a0000000,0x00000000a0bd5530,0x00000000a2880000)
 Metaspace       used 33554K, capacity 34214K, committed 34304K, reserved 1079296K
  class space    used 4600K, capacity 4814K, committed 4864K, reserved 1048576K
}
Event: 8.247 GC heap before
{Heap before GC invocations=11 (full 1):
 PSYoungGen      total 132608K, used 41156K [0x00000000e0000000, 0x00000000e8f00000, 0x0000000100000000)
  eden space 121856K, 25% used [0x00000000e0000000,0x00000000e1e076a8,0x00000000e7700000)
  from space 10752K, 96% used [0x00000000e7b00000,0x00000000e8529960,0x00000000e8580000)
  to   space 9728K, 0% used [0x00000000e8580000,0x00000000e8580000,0x00000000e8f00000)
 ParOldGen       total 41472K, used 12117K [0x00000000a0000000, 0x00000000a2880000, 0x00000000e0000000)
  object space 41472K, 29% used [0x00000000a0000000,0x00000000a0bd5530,0x00000000a2880000)
 Metaspace       used 34565K, capacity 35378K, committed 35456K, reserved 1079296K
  class space    used 4742K, capacity 4962K, committed 4992K, reserved 1048576K
Event: 8.261 GC heap after
Heap after GC invocations=11 (full 1):
 PSYoungGen      total 131584K, used 8225K [0x00000000e0000000, 0x00000000e8f00000, 0x0000000100000000)
  eden space 121856K, 0% used [0x00000000e0000000,0x00000000e0000000,0x00000000e7700000)
  from space 9728K, 84% used [0x00000000e8580000,0x00000000e8d886e8,0x00000000e8f00000)
  to   space 10752K, 0% used [0x00000000e7b00000,0x00000000e7b00000,0x00000000e8580000)
 ParOldGen       total 41472K, used 12125K [0x00000000a0000000, 0x00000000a2880000, 0x00000000e0000000)
  object space 41472K, 29% used [0x00000000a0000000,0x00000000a0bd7530,0x00000000a2880000)
 Metaspace       used 34565K, capacity 35378K, committed 35456K, reserved 1079296K
  class space    used 4742K, capacity 4962K, committed 4992K, reserved 1048576K
}
Event: 8.261 GC heap before
{Heap before GC invocations=12 (full 2):
 PSYoungGen      total 131584K, used 8225K [0x00000000e0000000, 0x00000000e8f00000, 0x0000000100000000)
  eden space 121856K, 0% used [0x00000000e0000000,0x00000000e0000000,0x00000000e7700000)
  from space 9728K, 84% used [0x00000000e8580000,0x00000000e8d886e8,0x00000000e8f00000)
  to   space 10752K, 0% used [0x00000000e7b00000,0x00000000e7b00000,0x00000000e8580000)
 ParOldGen       total 41472K, used 12125K [0x00000000a0000000, 0x00000000a2880000, 0x00000000e0000000)
  object space 41472K, 29% used [0x00000000a0000000,0x00000000a0bd7530,0x00000000a2880000)
 Metaspace       used 34565K, capacity 35378K, committed 35456K, reserved 1079296K
  class space    used 4742K, capacity 4962K, committed 4992K, reserved 1048576K
Event: 8.390 GC heap after
Heap after GC invocations=12 (full 2):
 PSYoungGen      total 131584K, used 0K [0x00000000e0000000, 0x00000000e8f00000, 0x0000000100000000)
  eden space 121856K, 0% used [0x00000000e0000000,0x00000000e0000000,0x00000000e7700000)
  from space 9728K, 0% used [0x00000000e8580000,0x00000000e8580000,0x00000000e8f00000)
  to   space 10752K, 0% used [0x00000000e7b00000,0x00000000e7b00000,0x00000000e8580000)
 ParOldGen       total 41472K, used 15075K [0x00000000a0000000, 0x00000000a2880000, 0x00000000e0000000)
  object space 41472K, 36% used [0x00000000a0000000,0x00000000a0eb8e68,0x00000000a2880000)
 Metaspace       used 34555K, capacity 35348K, committed 35456K, reserved 1079296K
  class space    used 4740K, capacity 4957K, committed 4992K, reserved 1048576K
}
Event: 12.560 GC heap before
{Heap before GC invocations=13 (full 2):
 PSYoungGen      total 131584K, used 121856K [0x00000000e0000000, 0x00000000e8f00000, 0x0000000100000000)
  eden space 121856K, 100% used [0x00000000e0000000,0x00000000e7700000,0x00000000e7700000)
  from space 9728K, 0% used [0x00000000e8580000,0x00000000e8580000,0x00000000e8f00000)
  to   space 10752K, 0% used [0x00000000e7b00000,0x00000000e7b00000,0x00000000e8580000)
 ParOldGen       total 41472K, used 15075K [0x00000000a0000000, 0x00000000a2880000, 0x00000000e0000000)
  object space 41472K, 36% used [0x00000000a0000000,0x00000000a0eb8e68,0x00000000a2880000)
 Metaspace       used 47418K, capacity 48562K, committed 48896K, reserved 1091584K
  class space    used 6331K, capacity 6632K, committed 6656K, reserved 1048576K
Event: 12.578 GC heap after
Heap after GC invocations=13 (full 2):
 PSYoungGen      total 132608K, used 10750K [0x00000000e0000000, 0x00000000e8f00000, 0x0000000100000000)
  eden space 121856K, 0% used [0x00000000e0000000,0x00000000e0000000,0x00000000e7700000)
  from space 10752K, 99% used [0x00000000e7b00000,0x00000000e857f910,0x00000000e8580000)
  to   space 9728K, 0% used [0x00000000e8580000,0x00000000e8580000,0x00000000e8f00000)
 ParOldGen       total 41472K, used 20017K [0x00000000a0000000, 0x00000000a2880000, 0x00000000e0000000)
  object space 41472K, 48% used [0x00000000a0000000,0x00000000a138c5f8,0x00000000a2880000)
 Metaspace       used 47418K, capacity 48562K, committed 48896K, reserved 1091584K
  class space    used 6331K, capacity 6632K, committed 6656K, reserved 1048576K
}

