# JRE version: OpenJDK Runtime Environment (8.0_212-b04) (build 1.8.0_212-release-1586-b04)
# Java VM: OpenJDK 64-Bit Server VM (25.212-b04 mixed mode windows-amd64 compressed oops)
Heap:
 PSYoungGen      total 69632K, used 24134K [0x00000000e0000000, 0x00000000e7080000, 0x0000000100000000)
  eden space 62976K, 38% used [0x00000000e0000000,0x00000000e17919d8,0x00000000e3d80000)
  from space 6656K, 0% used [0x00000000e3d80000,0x00000000e3d80000,0x00000000e4400000)
  to   space 7168K, 0% used [0x00000000e6980000,0x00000000e6980000,0x00000000e7080000)
 ParOldGen       total 35840K, used 9692K [0x00000000a0000000, 0x00000000a2300000, 0x00000000e0000000)
  object space 35840K, 27% used [0x00000000a0000000,0x00000000a0977080,0x00000000a2300000)
 Metaspace       used 25327K, capacity 25716K, committed 25856K, reserved 1071104K
  class space    used 3406K, capacity 3553K, committed 3584K, reserved 1048576K
GC Heap History (10 events):
Event: 2.393 GC heap before
{Heap before GC invocations=6 (full 0):
 PSYoungGen      total 18944K, used 18928K [0x00000000e0000000, 0x00000000e2900000, 0x0000000100000000)
  eden space 16384K, 100% used [0x00000000e0000000,0x00000000e1000000,0x00000000e1000000)
  from space 2560K, 99% used [0x00000000e1000000,0x00000000e127c010,0x00000000e1280000)
  to   space 4608K, 0% used [0x00000000e2480000,0x00000000e2480000,0x00000000e2900000)
 ParOldGen       total 44032K, used 2889K [0x00000000a0000000, 0x00000000a2b00000, 0x00000000e0000000)
  object space 44032K, 6% used [0x00000000a0000000,0x00000000a02d2770,0x00000000a2b00000)
 Metaspace       used 12380K, capacity 12734K, committed 12928K, reserved 1060864K
  class space    used 1672K, capacity 1825K, committed 1920K, reserved 1048576K
Event: 2.401 GC heap after
Heap after GC invocations=6 (full 0):
 PSYoungGen      total 36352K, used 4596K [0x00000000e0000000, 0x00000000e2b00000, 0x0000000100000000)
  eden space 31744K, 0% used [0x00000000e0000000,0x00000000e0000000,0x00000000e1f00000)
  from space 4608K, 99% used [0x00000000e2480000,0x00000000e28fd398,0x00000000e2900000)
  to   space 5632K, 0% used [0x00000000e1f00000,0x00000000e1f00000,0x00000000e2480000)
 ParOldGen       total 44032K, used 3029K [0x00000000a0000000, 0x00000000a2b00000, 0x00000000e0000000)
  object space 44032K, 6% used [0x00000000a0000000,0x00000000a02f5480,0x00000000a2b00000)
 Metaspace       used 12380K, capacity 12734K, committed 12928K, reserved 1060864K
  class space    used 1672K, capacity 1825K, committed 1920K, reserved 1048576K
}
Event: 2.781 GC heap before
{Heap before GC invocations=7 (full 0):
 PSYoungGen      total 36352K, used 36340K [0x00000000e0000000, 0x00000000e2b00000, 0x0000000100000000)
  eden space 31744K, 100% used [0x00000000e0000000,0x00000000e1f00000,0x00000000e1f00000)
  from space 4608K, 99% used [0x00000000e2480000,0x00000000e28fd398,0x00000000e2900000)
  to   space 5632K, 0% used [0x00000000e1f00000,0x00000000e1f00000,0x00000000e2480000)
 ParOldGen       total 44032K, used 3029K [0x00000000a0000000, 0x00000000a2b00000, 0x00000000e0000000)
  object space 44032K, 6% used [0x00000000a0000000,0x00000000a02f5480,0x00000000a2b00000)
 Metaspace       used 14627K, capacity 14982K, committed 15232K, reserved 1062912K
  class space    used 2049K, capacity 2149K, committed 2176K, reserved 1048576K
Event: 2.789 GC heap after
Heap after GC invocations=7 (full 0):
 PSYoungGen      total 37376K, used 5297K [0x00000000e0000000, 0x00000000e4a00000, 0x0000000100000000)
  eden space 31744K, 0% used [0x00000000e0000000,0x00000000e0000000,0x00000000e1f00000)
  from space 5632K, 94% used [0x00000000e1f00000,0x00000000e242c430,0x00000000e2480000)
  to   space 6144K, 0% used [0x00000000e4400000,0x00000000e4400000,0x00000000e4a00000)
 ParOldGen       total 44032K, used 4341K [0x00000000a0000000, 0x00000000a2b00000, 0x00000000e0000000)
  object space 44032K, 9% used [0x00000000a0000000,0x00000000a043d4f0,0x00000000a2b00000)
 Metaspace       used 14627K, capacity 14982K, committed 15232K, reserved 1062912K
  class space    used 2049K, capacity 2149K, committed 2176K, reserved 1048576K
}
Event: 3.333 GC heap before
{Heap before GC invocations=8 (full 0):
 PSYoungGen      total 37376K, used 37041K [0x00000000e0000000, 0x00000000e4a00000, 0x0000000100000000)
  eden space 31744K, 100% used [0x00000000e0000000,0x00000000e1f00000,0x00000000e1f00000)
  from space 5632K, 94% used [0x00000000e1f00000,0x00000000e242c430,0x00000000e2480000)
  to   space 6144K, 0% used [0x00000000e4400000,0x00000000e4400000,0x00000000e4a00000)
 ParOldGen       total 44032K, used 4341K [0x00000000a0000000, 0x00000000a2b00000, 0x00000000e0000000)
  object space 44032K, 9% used [0x00000000a0000000,0x00000000a043d4f0,0x00000000a2b00000)
 Metaspace       used 17405K, capacity 17810K, committed 18048K, reserved 1064960K
  class space    used 2506K, capacity 2649K, committed 2688K, reserved 1048576K
Event: 3.346 GC heap after
Heap after GC invocations=8 (full 0):
 PSYoungGen      total 69120K, used 5585K [0x00000000e0000000, 0x00000000e4b00000, 0x0000000100000000)
  eden space 62976K, 0% used [0x00000000e0000000,0x00000000e0000000,0x00000000e3d80000)
  from space 6144K, 90% used [0x00000000e4400000,0x00000000e4974638,0x00000000e4a00000)
  to   space 6656K, 0% used [0x00000000e3d80000,0x00000000e3d80000,0x00000000e4400000)
 ParOldGen       total 44032K, used 5069K [0x00000000a0000000, 0x00000000a2b00000, 0x00000000e0000000)
  object space 44032K, 11% used [0x00000000a0000000,0x00000000a04f34f0,0x00000000a2b00000)
 Metaspace       used 17405K, capacity 17810K, committed 18048K, reserved 1064960K
  class space    used 2506K, capacity 2649K, committed 2688K, reserved 1048576K
}
Event: 3.917 GC heap before
{Heap before GC invocations=9 (full 0):
 PSYoungGen      total 69120K, used 34074K [0x00000000e0000000, 0x00000000e4b00000, 0x0000000100000000)
  eden space 62976K, 45% used [0x00000000e0000000,0x00000000e1bd2250,0x00000000e3d80000)
  from space 6144K, 90% used [0x00000000e4400000,0x00000000e4974638,0x00000000e4a00000)
  to   space 6656K, 0% used [0x00000000e3d80000,0x00000000e3d80000,0x00000000e4400000)
 ParOldGen       total 44032K, used 5069K [0x00000000a0000000, 0x00000000a2b00000, 0x00000000e0000000)
  object space 44032K, 11% used [0x00000000a0000000,0x00000000a04f34f0,0x00000000a2b00000)
 Metaspace       used 20749K, capacity 21096K, committed 21296K, reserved 1067008K
  class space    used 2951K, capacity 3102K, committed 3200K, reserved 1048576K
Event: 3.926 GC heap after
Heap after GC invocations=9 (full 0):
 PSYoungGen      total 69632K, used 5966K [0x00000000e0000000, 0x00000000e7080000, 0x0000000100000000)
  eden space 62976K, 0% used [0x00000000e0000000,0x00000000e0000000,0x00000000e3d80000)
  from space 6656K, 89% used [0x00000000e3d80000,0x00000000e4353880,0x00000000e4400000)
  to   space 7168K, 0% used [0x00000000e6980000,0x00000000e6980000,0x00000000e7080000)
 ParOldGen       total 44032K, used 6365K [0x00000000a0000000, 0x00000000a2b00000, 0x00000000e0000000)
  object space 44032K, 14% used [0x00000000a0000000,0x00000000a0637588,0x00000000a2b00000)
 Metaspace       used 20749K, capacity 21096K, committed 21296K, reserved 1067008K
  class space    used 2951K, capacity 3102K, committed 3200K, reserved 1048576K
}
Event: 3.926 GC heap before
{Heap before GC invocations=10 (full 1):
 PSYoungGen      total 69632K, used 5966K [0x00000000e0000000, 0x00000000e7080000, 0x0000000100000000)
  eden space 62976K, 0% used [0x00000000e0000000,0x00000000e0000000,0x00000000e3d80000)
  from space 6656K, 89% used [0x00000000e3d80000,0x00000000e4353880,0x00000000e4400000)
  to   space 7168K, 0% used [0x00000000e6980000,0x00000000e6980000,0x00000000e7080000)
 ParOldGen       total 44032K, used 6365K [0x00000000a0000000, 0x00000000a2b00000, 0x00000000e0000000)
  object space 44032K, 14% used [0x00000000a0000000,0x00000000a0637588,0x00000000a2b00000)
 Metaspace       used 20749K, capacity 21096K, committed 21296K, reserved 1067008K
  class space    used 2951K, capacity 3102K, committed 3200K, reserved 1048576K
Event: 3.978 GC heap after
Heap after GC invocations=10 (full 1):
 PSYoungGen      total 69632K, used 0K [0x00000000e0000000, 0x00000000e7080000, 0x0000000100000000)
  eden space 62976K, 0% used [0x00000000e0000000,0x00000000e0000000,0x00000000e3d80000)
  from space 6656K, 0% used [0x00000000e3d80000,0x00000000e3d80000,0x00000000e4400000)
  to   space 7168K, 0% used [0x00000000e6980000,0x00000000e6980000,0x00000000e7080000)
 ParOldGen       total 35840K, used 9692K [0x00000000a0000000, 0x00000000a2300000, 0x00000000e0000000)
  object space 35840K, 27% used [0x00000000a0000000,0x00000000a0977080,0x00000000a2300000)
 Metaspace       used 20749K, capacity 21096K, committed 21296K, reserved 1067008K
  class space    used 2951K, capacity 3102K, committed 3200K, reserved 1048576K
}

