# JRE version: OpenJDK Runtime Environment (8.0_212-b04) (build 1.8.0_212-release-1586-b04)
# Java VM: OpenJDK 64-Bit Server VM (25.212-b04 mixed mode windows-amd64 compressed oops)
Heap:
 PSYoungGen      total 89600K, used 32993K [0x00000000e0000000, 0x00000000e6500000, 0x0000000100000000)
  eden space 78336K, 27% used [0x00000000e0000000,0x00000000e153cf00,0x00000000e4c80000)
  from space 11264K, 99% used [0x00000000e5880000,0x00000000e637b780,0x00000000e6380000)
  to   space 12288K, 0% used [0x00000000e4c80000,0x00000000e4c80000,0x00000000e5880000)
 ParOldGen       total 41472K, used 16439K [0x00000000a0000000, 0x00000000a2880000, 0x00000000e0000000)
  object space 41472K, 39% used [0x00000000a0000000,0x00000000a100de30,0x00000000a2880000)
 Metaspace       used 44406K, capacity 45504K, committed 45824K, reserved 1089536K
  class space    used 5998K, capacity 6284K, committed 6400K, reserved 1048576K
GC Heap History (10 events):
Event: 6.286 GC heap before
{Heap before GC invocations=10 (full 1):
 PSYoungGen      total 67072K, used 67069K [0x00000000e0000000, 0x00000000e7080000, 0x0000000100000000)
  eden space 60928K, 100% used [0x00000000e0000000,0x00000000e3b80000,0x00000000e3b80000)
  from space 6144K, 99% used [0x00000000e4600000,0x00000000e4bff6e8,0x00000000e4c00000)
  to   space 10752K, 0% used [0x00000000e3b80000,0x00000000e3b80000,0x00000000e4600000)
 ParOldGen       total 41472K, used 13834K [0x00000000a0000000, 0x00000000a2880000, 0x00000000e0000000)
  object space 41472K, 33% used [0x00000000a0000000,0x00000000a0d82ab8,0x00000000a2880000)
 Metaspace       used 31873K, capacity 32396K, committed 32512K, reserved 1077248K
  class space    used 4366K, capacity 4559K, committed 4608K, reserved 1048576K
Event: 6.304 GC heap after
Heap after GC invocations=10 (full 1):
 PSYoungGen      total 71680K, used 7985K [0x00000000e0000000, 0x00000000e6380000, 0x0000000100000000)
  eden space 60928K, 0% used [0x00000000e0000000,0x00000000e0000000,0x00000000e3b80000)
  from space 10752K, 74% used [0x00000000e3b80000,0x00000000e434c7c0,0x00000000e4600000)
  to   space 11264K, 0% used [0x00000000e5880000,0x00000000e5880000,0x00000000e6380000)
 ParOldGen       total 41472K, used 13842K [0x00000000a0000000, 0x00000000a2880000, 0x00000000e0000000)
  object space 41472K, 33% used [0x00000000a0000000,0x00000000a0d84ab8,0x00000000a2880000)
 Metaspace       used 31873K, capacity 32396K, committed 32512K, reserved 1077248K
  class space    used 4366K, capacity 4559K, committed 4608K, reserved 1048576K
}
Event: 7.546 GC heap before
{Heap before GC invocations=11 (full 1):
 PSYoungGen      total 71680K, used 68913K [0x00000000e0000000, 0x00000000e6380000, 0x0000000100000000)
  eden space 60928K, 100% used [0x00000000e0000000,0x00000000e3b80000,0x00000000e3b80000)
  from space 10752K, 74% used [0x00000000e3b80000,0x00000000e434c7c0,0x00000000e4600000)
  to   space 11264K, 0% used [0x00000000e5880000,0x00000000e5880000,0x00000000e6380000)
 ParOldGen       total 41472K, used 13842K [0x00000000a0000000, 0x00000000a2880000, 0x00000000e0000000)
  object space 41472K, 33% used [0x00000000a0000000,0x00000000a0d84ab8,0x00000000a2880000)
 Metaspace       used 34437K, capacity 35154K, committed 35200K, reserved 1079296K
  class space    used 4724K, capacity 4954K, committed 4992K, reserved 1048576K
Event: 7.563 GC heap after
Heap after GC invocations=11 (full 1):
 PSYoungGen      total 89600K, used 9830K [0x00000000e0000000, 0x00000000e6500000, 0x0000000100000000)
  eden space 78336K, 0% used [0x00000000e0000000,0x00000000e0000000,0x00000000e4c80000)
  from space 11264K, 87% used [0x00000000e5880000,0x00000000e6219a40,0x00000000e6380000)
  to   space 12288K, 0% used [0x00000000e4c80000,0x00000000e4c80000,0x00000000e5880000)
 ParOldGen       total 41472K, used 13850K [0x00000000a0000000, 0x00000000a2880000, 0x00000000e0000000)
  object space 41472K, 33% used [0x00000000a0000000,0x00000000a0d86ab8,0x00000000a2880000)
 Metaspace       used 34437K, capacity 35154K, committed 35200K, reserved 1079296K
  class space    used 4724K, capacity 4954K, committed 4992K, reserved 1048576K
}
Event: 7.640 GC heap before
{Heap before GC invocations=12 (full 1):
 PSYoungGen      total 89600K, used 12725K [0x00000000e0000000, 0x00000000e6500000, 0x0000000100000000)
  eden space 78336K, 3% used [0x00000000e0000000,0x00000000e02d3b80,0x00000000e4c80000)
  from space 11264K, 87% used [0x00000000e5880000,0x00000000e6219a40,0x00000000e6380000)
  to   space 12288K, 0% used [0x00000000e4c80000,0x00000000e4c80000,0x00000000e5880000)
 ParOldGen       total 41472K, used 13850K [0x00000000a0000000, 0x00000000a2880000, 0x00000000e0000000)
  object space 41472K, 33% used [0x00000000a0000000,0x00000000a0d86ab8,0x00000000a2880000)
 Metaspace       used 34658K, capacity 35396K, committed 35456K, reserved 1079296K
  class space    used 4761K, capacity 4991K, committed 4992K, reserved 1048576K
Event: 7.656 GC heap after
Heap after GC invocations=12 (full 1):
 PSYoungGen      total 90624K, used 4272K [0x00000000e0000000, 0x00000000e6500000, 0x0000000100000000)
  eden space 78336K, 0% used [0x00000000e0000000,0x00000000e0000000,0x00000000e4c80000)
  from space 12288K, 34% used [0x00000000e4c80000,0x00000000e50ac010,0x00000000e5880000)
  to   space 11264K, 0% used [0x00000000e5880000,0x00000000e5880000,0x00000000e6380000)
 ParOldGen       total 41472K, used 17262K [0x00000000a0000000, 0x00000000a2880000, 0x00000000e0000000)
  object space 41472K, 41% used [0x00000000a0000000,0x00000000a10dbae8,0x00000000a2880000)
 Metaspace       used 34658K, capacity 35396K, committed 35456K, reserved 1079296K
  class space    used 4761K, capacity 4991K, committed 4992K, reserved 1048576K
}
Event: 7.656 GC heap before
{Heap before GC invocations=13 (full 2):
 PSYoungGen      total 90624K, used 4272K [0x00000000e0000000, 0x00000000e6500000, 0x0000000100000000)
  eden space 78336K, 0% used [0x00000000e0000000,0x00000000e0000000,0x00000000e4c80000)
  from space 12288K, 34% used [0x00000000e4c80000,0x00000000e50ac010,0x00000000e5880000)
  to   space 11264K, 0% used [0x00000000e5880000,0x00000000e5880000,0x00000000e6380000)
 ParOldGen       total 41472K, used 17262K [0x00000000a0000000, 0x00000000a2880000, 0x00000000e0000000)
  object space 41472K, 41% used [0x00000000a0000000,0x00000000a10dbae8,0x00000000a2880000)
 Metaspace       used 34658K, capacity 35396K, committed 35456K, reserved 1079296K
  class space    used 4761K, capacity 4991K, committed 4992K, reserved 1048576K
Event: 7.774 GC heap after
Heap after GC invocations=13 (full 2):
 PSYoungGen      total 90624K, used 0K [0x00000000e0000000, 0x00000000e6500000, 0x0000000100000000)
  eden space 78336K, 0% used [0x00000000e0000000,0x00000000e0000000,0x00000000e4c80000)
  from space 12288K, 0% used [0x00000000e4c80000,0x00000000e4c80000,0x00000000e5880000)
  to   space 11264K, 0% used [0x00000000e5880000,0x00000000e5880000,0x00000000e6380000)
 ParOldGen       total 41472K, used 14579K [0x00000000a0000000, 0x00000000a2880000, 0x00000000e0000000)
  object space 41472K, 35% used [0x00000000a0000000,0x00000000a0e3cf60,0x00000000a2880000)
 Metaspace       used 34656K, capacity 35390K, committed 35456K, reserved 1079296K
  class space    used 4760K, capacity 4990K, committed 4992K, reserved 1048576K
}
Event: 9.236 GC heap before
{Heap before GC invocations=14 (full 2):
 PSYoungGen      total 90624K, used 78336K [0x00000000e0000000, 0x00000000e6500000, 0x0000000100000000)
  eden space 78336K, 100% used [0x00000000e0000000,0x00000000e4c80000,0x00000000e4c80000)
  from space 12288K, 0% used [0x00000000e4c80000,0x00000000e4c80000,0x00000000e5880000)
  to   space 11264K, 0% used [0x00000000e5880000,0x00000000e5880000,0x00000000e6380000)
 ParOldGen       total 41472K, used 14579K [0x00000000a0000000, 0x00000000a2880000, 0x00000000e0000000)
  object space 41472K, 35% used [0x00000000a0000000,0x00000000a0e3cf60,0x00000000a2880000)
 Metaspace       used 42780K, capacity 43766K, committed 44032K, reserved 1087488K
  class space    used 5777K, capacity 6053K, committed 6144K, reserved 1048576K
Event: 9.254 GC heap after
Heap after GC invocations=14 (full 2):
 PSYoungGen      total 89600K, used 11245K [0x00000000e0000000, 0x00000000e6500000, 0x0000000100000000)
  eden space 78336K, 0% used [0x00000000e0000000,0x00000000e0000000,0x00000000e4c80000)
  from space 11264K, 99% used [0x00000000e5880000,0x00000000e637b780,0x00000000e6380000)
  to   space 12288K, 0% used [0x00000000e4c80000,0x00000000e4c80000,0x00000000e5880000)
 ParOldGen       total 41472K, used 16439K [0x00000000a0000000, 0x00000000a2880000, 0x00000000e0000000)
  object space 41472K, 39% used [0x00000000a0000000,0x00000000a100de30,0x00000000a2880000)
 Metaspace       used 42780K, capacity 43766K, committed 44032K, reserved 1087488K
  class space    used 5777K, capacity 6053K, committed 6144K, reserved 1048576K
}

