# JRE version: OpenJDK Runtime Environment (8.0_212-b04) (build 1.8.0_212-release-1586-b04)
# Java VM: OpenJDK 64-Bit Server VM (25.212-b04 mixed mode windows-amd64 compressed oops)
Heap:
 PSYoungGen      total 69632K, used 31456K [0x00000000e0000000, 0x00000000e6080000, 0x0000000100000000)
  eden space 62976K, 42% used [0x00000000e0000000,0x00000000e1a19fe0,0x00000000e3d80000)
  from space 6656K, 71% used [0x00000000e3d80000,0x00000000e421e288,0x00000000e4400000)
  to   space 8192K, 0% used [0x00000000e5880000,0x00000000e5880000,0x00000000e6080000)
 ParOldGen       total 35840K, used 14877K [0x00000000a0000000, 0x00000000a2300000, 0x00000000e0000000)
  object space 35840K, 41% used [0x00000000a0000000,0x00000000a0e877f8,0x00000000a2300000)
 Metaspace       used 33196K, capacity 33760K, committed 34048K, reserved 1079296K
  class space    used 4552K, capacity 4775K, committed 4864K, reserved 1048576K
GC Heap History (10 events):
Event: 3.276 GC heap before
{Heap before GC invocations=8 (full 0):
 PSYoungGen      total 37376K, used 37047K [0x00000000e0000000, 0x00000000e4a00000, 0x0000000100000000)
  eden space 31744K, 100% used [0x00000000e0000000,0x00000000e1f00000,0x00000000e1f00000)
  from space 5632K, 94% used [0x00000000e1f00000,0x00000000e242de10,0x00000000e2480000)
  to   space 6144K, 0% used [0x00000000e4400000,0x00000000e4400000,0x00000000e4a00000)
 ParOldGen       total 44032K, used 4419K [0x00000000a0000000, 0x00000000a2b00000, 0x00000000e0000000)
  object space 44032K, 10% used [0x00000000a0000000,0x00000000a0450d48,0x00000000a2b00000)
 Metaspace       used 17428K, capacity 17870K, committed 18048K, reserved 1064960K
  class space    used 2503K, capacity 2659K, committed 2688K, reserved 1048576K
Event: 3.290 GC heap after
Heap after GC invocations=8 (full 0):
 PSYoungGen      total 69120K, used 5556K [0x00000000e0000000, 0x00000000e4b00000, 0x0000000100000000)
  eden space 62976K, 0% used [0x00000000e0000000,0x00000000e0000000,0x00000000e3d80000)
  from space 6144K, 90% used [0x00000000e4400000,0x00000000e496d108,0x00000000e4a00000)
  to   space 6656K, 0% used [0x00000000e3d80000,0x00000000e3d80000,0x00000000e4400000)
 ParOldGen       total 44032K, used 5075K [0x00000000a0000000, 0x00000000a2b00000, 0x00000000e0000000)
  object space 44032K, 11% used [0x00000000a0000000,0x00000000a04f4d48,0x00000000a2b00000)
 Metaspace       used 17428K, capacity 17870K, committed 18048K, reserved 1064960K
  class space    used 2503K, capacity 2659K, committed 2688K, reserved 1048576K
}
Event: 3.878 GC heap before
{Heap before GC invocations=9 (full 0):
 PSYoungGen      total 69120K, used 37498K [0x00000000e0000000, 0x00000000e4b00000, 0x0000000100000000)
  eden space 62976K, 50% used [0x00000000e0000000,0x00000000e1f31700,0x00000000e3d80000)
  from space 6144K, 90% used [0x00000000e4400000,0x00000000e496d108,0x00000000e4a00000)
  to   space 6656K, 0% used [0x00000000e3d80000,0x00000000e3d80000,0x00000000e4400000)
 ParOldGen       total 44032K, used 5075K [0x00000000a0000000, 0x00000000a2b00000, 0x00000000e0000000)
  object space 44032K, 11% used [0x00000000a0000000,0x00000000a04f4d48,0x00000000a2b00000)
 Metaspace       used 20713K, capacity 21202K, committed 21296K, reserved 1067008K
  class space    used 2993K, capacity 3161K, committed 3200K, reserved 1048576K
Event: 3.889 GC heap after
Heap after GC invocations=9 (full 0):
 PSYoungGen      total 69632K, used 5989K [0x00000000e0000000, 0x00000000e4b00000, 0x0000000100000000)
  eden space 62976K, 0% used [0x00000000e0000000,0x00000000e0000000,0x00000000e3d80000)
  from space 6656K, 89% used [0x00000000e3d80000,0x00000000e4359590,0x00000000e4400000)
  to   space 6144K, 0% used [0x00000000e4400000,0x00000000e4400000,0x00000000e4a00000)
 ParOldGen       total 44032K, used 6415K [0x00000000a0000000, 0x00000000a2b00000, 0x00000000e0000000)
  object space 44032K, 14% used [0x00000000a0000000,0x00000000a0643dc8,0x00000000a2b00000)
 Metaspace       used 20713K, capacity 21202K, committed 21296K, reserved 1067008K
  class space    used 2993K, capacity 3161K, committed 3200K, reserved 1048576K
}
Event: 3.889 GC heap before
{Heap before GC invocations=10 (full 1):
 PSYoungGen      total 69632K, used 5989K [0x00000000e0000000, 0x00000000e4b00000, 0x0000000100000000)
  eden space 62976K, 0% used [0x00000000e0000000,0x00000000e0000000,0x00000000e3d80000)
  from space 6656K, 89% used [0x00000000e3d80000,0x00000000e4359590,0x00000000e4400000)
  to   space 6144K, 0% used [0x00000000e4400000,0x00000000e4400000,0x00000000e4a00000)
 ParOldGen       total 44032K, used 6415K [0x00000000a0000000, 0x00000000a2b00000, 0x00000000e0000000)
  object space 44032K, 14% used [0x00000000a0000000,0x00000000a0643dc8,0x00000000a2b00000)
 Metaspace       used 20713K, capacity 21202K, committed 21296K, reserved 1067008K
  class space    used 2993K, capacity 3161K, committed 3200K, reserved 1048576K
Event: 3.947 GC heap after
Heap after GC invocations=10 (full 1):
 PSYoungGen      total 69632K, used 0K [0x00000000e0000000, 0x00000000e4b00000, 0x0000000100000000)
  eden space 62976K, 0% used [0x00000000e0000000,0x00000000e0000000,0x00000000e3d80000)
  from space 6656K, 0% used [0x00000000e3d80000,0x00000000e3d80000,0x00000000e4400000)
  to   space 6144K, 0% used [0x00000000e4400000,0x00000000e4400000,0x00000000e4a00000)
 ParOldGen       total 35840K, used 9758K [0x00000000a0000000, 0x00000000a2300000, 0x00000000e0000000)
  object space 35840K, 27% used [0x00000000a0000000,0x00000000a0987a30,0x00000000a2300000)
 Metaspace       used 20713K, capacity 21202K, committed 21296K, reserved 1067008K
  class space    used 2993K, capacity 3161K, committed 3200K, reserved 1048576K
}
Event: 5.056 GC heap before
{Heap before GC invocations=11 (full 1):
 PSYoungGen      total 69632K, used 62976K [0x00000000e0000000, 0x00000000e4b00000, 0x0000000100000000)
  eden space 62976K, 100% used [0x00000000e0000000,0x00000000e3d80000,0x00000000e3d80000)
  from space 6656K, 0% used [0x00000000e3d80000,0x00000000e3d80000,0x00000000e4400000)
  to   space 6144K, 0% used [0x00000000e4400000,0x00000000e4400000,0x00000000e4a00000)
 ParOldGen       total 35840K, used 9758K [0x00000000a0000000, 0x00000000a2300000, 0x00000000e0000000)
  object space 35840K, 27% used [0x00000000a0000000,0x00000000a0987a30,0x00000000a2300000)
 Metaspace       used 29051K, capacity 29640K, committed 29824K, reserved 1075200K
  class space    used 3913K, capacity 4131K, committed 4224K, reserved 1048576K
Event: 5.064 GC heap after
Heap after GC invocations=11 (full 1):
 PSYoungGen      total 69120K, used 6124K [0x00000000e0000000, 0x00000000e4b00000, 0x0000000100000000)
  eden space 62976K, 0% used [0x00000000e0000000,0x00000000e0000000,0x00000000e3d80000)
  from space 6144K, 99% used [0x00000000e4400000,0x00000000e49fb2f0,0x00000000e4a00000)
  to   space 6656K, 0% used [0x00000000e3d80000,0x00000000e3d80000,0x00000000e4400000)
 ParOldGen       total 35840K, used 11473K [0x00000000a0000000, 0x00000000a2300000, 0x00000000e0000000)
  object space 35840K, 32% used [0x00000000a0000000,0x00000000a0b347c8,0x00000000a2300000)
 Metaspace       used 29051K, capacity 29640K, committed 29824K, reserved 1075200K
  class space    used 3913K, capacity 4131K, committed 4224K, reserved 1048576K
}
Event: 5.823 GC heap before
{Heap before GC invocations=12 (full 1):
 PSYoungGen      total 69120K, used 69100K [0x00000000e0000000, 0x00000000e4b00000, 0x0000000100000000)
  eden space 62976K, 100% used [0x00000000e0000000,0x00000000e3d80000,0x00000000e3d80000)
  from space 6144K, 99% used [0x00000000e4400000,0x00000000e49fb2f0,0x00000000e4a00000)
  to   space 6656K, 0% used [0x00000000e3d80000,0x00000000e3d80000,0x00000000e4400000)
 ParOldGen       total 35840K, used 11473K [0x00000000a0000000, 0x00000000a2300000, 0x00000000e0000000)
  object space 35840K, 32% used [0x00000000a0000000,0x00000000a0b347c8,0x00000000a2300000)
 Metaspace       used 31912K, capacity 32556K, committed 32768K, reserved 1077248K
  class space    used 4373K, capacity 4591K, committed 4608K, reserved 1048576K
Event: 5.836 GC heap after
Heap after GC invocations=12 (full 1):
 PSYoungGen      total 69632K, used 4728K [0x00000000e0000000, 0x00000000e6080000, 0x0000000100000000)
  eden space 62976K, 0% used [0x00000000e0000000,0x00000000e0000000,0x00000000e3d80000)
  from space 6656K, 71% used [0x00000000e3d80000,0x00000000e421e288,0x00000000e4400000)
  to   space 8192K, 0% used [0x00000000e5880000,0x00000000e5880000,0x00000000e6080000)
 ParOldGen       total 35840K, used 14877K [0x00000000a0000000, 0x00000000a2300000, 0x00000000e0000000)
  object space 35840K, 41% used [0x00000000a0000000,0x00000000a0e877f8,0x00000000a2300000)
 Metaspace       used 31912K, capacity 32556K, committed 32768K, reserved 1077248K
  class space    used 4373K, capacity 4591K, committed 4608K, reserved 1048576K
}

