# JRE version: OpenJDK Runtime Environment (8.0_212-b04) (build 1.8.0_212-release-1586-b04)
# Java VM: OpenJDK 64-Bit Server VM (25.212-b04 mixed mode windows-amd64 compressed oops)
Heap:
 PSYoungGen      total 94720K, used 35575K [0x00000000e0000000, 0x00000000e6680000, 0x0000000100000000)
  eden space 84480K, 30% used [0x00000000e0000000,0x00000000e18c2838,0x00000000e5280000)
  from space 10240K, 99% used [0x00000000e5280000,0x00000000e5c7b3e0,0x00000000e5c80000)
  to   space 10240K, 0% used [0x00000000e5c80000,0x00000000e5c80000,0x00000000e6680000)
 ParOldGen       total 37376K, used 17483K [0x00000000a0000000, 0x00000000a2480000, 0x00000000e0000000)
  object space 37376K, 46% used [0x00000000a0000000,0x00000000a1112c88,0x00000000a2480000)
 Metaspace       used 45189K, capacity 46216K, committed 46336K, reserved 1089536K
  class space    used 6071K, capacity 6350K, committed 6400K, reserved 1048576K
GC Heap History (10 events):
Event: 6.009 GC heap before
{Heap before GC invocations=9 (full 1):
 PSYoungGen      total 72704K, used 64512K [0x00000000e0000000, 0x00000000e5000000, 0x0000000100000000)
  eden space 64512K, 100% used [0x00000000e0000000,0x00000000e3f00000,0x00000000e3f00000)
  from space 8192K, 0% used [0x00000000e3f00000,0x00000000e3f00000,0x00000000e4700000)
  to   space 7168K, 0% used [0x00000000e4700000,0x00000000e4700000,0x00000000e4e00000)
 ParOldGen       total 37376K, used 9650K [0x00000000a0000000, 0x00000000a2480000, 0x00000000e0000000)
  object space 37376K, 25% used [0x00000000a0000000,0x00000000a096ca78,0x00000000a2480000)
 Metaspace       used 29146K, capacity 29706K, committed 30080K, reserved 1075200K
  class space    used 3936K, capacity 4133K, committed 4224K, reserved 1048576K
Event: 6.022 GC heap after
Heap after GC invocations=9 (full 1):
 PSYoungGen      total 70144K, used 7142K [0x00000000e0000000, 0x00000000e7600000, 0x0000000100000000)
  eden space 62976K, 0% used [0x00000000e0000000,0x00000000e0000000,0x00000000e3d80000)
  from space 7168K, 99% used [0x00000000e4700000,0x00000000e4df98b8,0x00000000e4e00000)
  to   space 9728K, 0% used [0x00000000e3d80000,0x00000000e3d80000,0x00000000e4700000)
 ParOldGen       total 37376K, used 10527K [0x00000000a0000000, 0x00000000a2480000, 0x00000000e0000000)
  object space 37376K, 28% used [0x00000000a0000000,0x00000000a0a47cc8,0x00000000a2480000)
 Metaspace       used 29146K, capacity 29706K, committed 30080K, reserved 1075200K
  class space    used 3936K, capacity 4133K, committed 4224K, reserved 1048576K
}
Event: 6.931 GC heap before
{Heap before GC invocations=10 (full 1):
 PSYoungGen      total 70144K, used 70118K [0x00000000e0000000, 0x00000000e7600000, 0x0000000100000000)
  eden space 62976K, 100% used [0x00000000e0000000,0x00000000e3d80000,0x00000000e3d80000)
  from space 7168K, 99% used [0x00000000e4700000,0x00000000e4df98b8,0x00000000e4e00000)
  to   space 9728K, 0% used [0x00000000e3d80000,0x00000000e3d80000,0x00000000e4700000)
 ParOldGen       total 37376K, used 10527K [0x00000000a0000000, 0x00000000a2480000, 0x00000000e0000000)
  object space 37376K, 28% used [0x00000000a0000000,0x00000000a0a47cc8,0x00000000a2480000)
 Metaspace       used 31973K, capacity 32584K, committed 32896K, reserved 1077248K
  class space    used 4388K, capacity 4623K, committed 4736K, reserved 1048576K
Event: 6.943 GC heap after
Heap after GC invocations=10 (full 1):
 PSYoungGen      total 72704K, used 8068K [0x00000000e0000000, 0x00000000e6680000, 0x0000000100000000)
  eden space 62976K, 0% used [0x00000000e0000000,0x00000000e0000000,0x00000000e3d80000)
  from space 9728K, 82% used [0x00000000e3d80000,0x00000000e45610b8,0x00000000e4700000)
  to   space 10240K, 0% used [0x00000000e5c80000,0x00000000e5c80000,0x00000000e6680000)
 ParOldGen       total 37376K, used 10535K [0x00000000a0000000, 0x00000000a2480000, 0x00000000e0000000)
  object space 37376K, 28% used [0x00000000a0000000,0x00000000a0a49cc8,0x00000000a2480000)
 Metaspace       used 31973K, capacity 32584K, committed 32896K, reserved 1077248K
  class space    used 4388K, capacity 4623K, committed 4736K, reserved 1048576K
}
Event: 8.083 GC heap before
{Heap before GC invocations=11 (full 1):
 PSYoungGen      total 72704K, used 68732K [0x00000000e0000000, 0x00000000e6680000, 0x0000000100000000)
  eden space 62976K, 96% used [0x00000000e0000000,0x00000000e3b3e240,0x00000000e3d80000)
  from space 9728K, 82% used [0x00000000e3d80000,0x00000000e45610b8,0x00000000e4700000)
  to   space 10240K, 0% used [0x00000000e5c80000,0x00000000e5c80000,0x00000000e6680000)
 ParOldGen       total 37376K, used 10535K [0x00000000a0000000, 0x00000000a2480000, 0x00000000e0000000)
  object space 37376K, 28% used [0x00000000a0000000,0x00000000a0a49cc8,0x00000000a2480000)
 Metaspace       used 34568K, capacity 35396K, committed 35456K, reserved 1079296K
  class space    used 4751K, capacity 4965K, committed 4992K, reserved 1048576K
Event: 8.100 GC heap after
Heap after GC invocations=11 (full 1):
 PSYoungGen      total 94720K, used 6542K [0x00000000e0000000, 0x00000000e6680000, 0x0000000100000000)
  eden space 84480K, 0% used [0x00000000e0000000,0x00000000e0000000,0x00000000e5280000)
  from space 10240K, 63% used [0x00000000e5c80000,0x00000000e62e3918,0x00000000e6680000)
  to   space 10240K, 0% used [0x00000000e5280000,0x00000000e5280000,0x00000000e5c80000)
 ParOldGen       total 37376K, used 13987K [0x00000000a0000000, 0x00000000a2480000, 0x00000000e0000000)
  object space 37376K, 37% used [0x00000000a0000000,0x00000000a0da8cf8,0x00000000a2480000)
 Metaspace       used 34568K, capacity 35396K, committed 35456K, reserved 1079296K
  class space    used 4751K, capacity 4965K, committed 4992K, reserved 1048576K
}
Event: 8.100 GC heap before
{Heap before GC invocations=12 (full 2):
 PSYoungGen      total 94720K, used 6542K [0x00000000e0000000, 0x00000000e6680000, 0x0000000100000000)
  eden space 84480K, 0% used [0x00000000e0000000,0x00000000e0000000,0x00000000e5280000)
  from space 10240K, 63% used [0x00000000e5c80000,0x00000000e62e3918,0x00000000e6680000)
  to   space 10240K, 0% used [0x00000000e5280000,0x00000000e5280000,0x00000000e5c80000)
 ParOldGen       total 37376K, used 13987K [0x00000000a0000000, 0x00000000a2480000, 0x00000000e0000000)
  object space 37376K, 37% used [0x00000000a0000000,0x00000000a0da8cf8,0x00000000a2480000)
 Metaspace       used 34568K, capacity 35396K, committed 35456K, reserved 1079296K
  class space    used 4751K, capacity 4965K, committed 4992K, reserved 1048576K
Event: 8.184 GC heap after
Heap after GC invocations=12 (full 2):
 PSYoungGen      total 94720K, used 0K [0x00000000e0000000, 0x00000000e6680000, 0x0000000100000000)
  eden space 84480K, 0% used [0x00000000e0000000,0x00000000e0000000,0x00000000e5280000)
  from space 10240K, 0% used [0x00000000e5c80000,0x00000000e5c80000,0x00000000e6680000)
  to   space 10240K, 0% used [0x00000000e5280000,0x00000000e5280000,0x00000000e5c80000)
 ParOldGen       total 37376K, used 16757K [0x00000000a0000000, 0x00000000a2480000, 0x00000000e0000000)
  object space 37376K, 44% used [0x00000000a0000000,0x00000000a105d530,0x00000000a2480000)
 Metaspace       used 34554K, capacity 35348K, committed 35456K, reserved 1079296K
  class space    used 4746K, capacity 4957K, committed 4992K, reserved 1048576K
}
Event: 9.658 GC heap before
{Heap before GC invocations=13 (full 2):
 PSYoungGen      total 94720K, used 84480K [0x00000000e0000000, 0x00000000e6680000, 0x0000000100000000)
  eden space 84480K, 100% used [0x00000000e0000000,0x00000000e5280000,0x00000000e5280000)
  from space 10240K, 0% used [0x00000000e5c80000,0x00000000e5c80000,0x00000000e6680000)
  to   space 10240K, 0% used [0x00000000e5280000,0x00000000e5280000,0x00000000e5c80000)
 ParOldGen       total 37376K, used 16757K [0x00000000a0000000, 0x00000000a2480000, 0x00000000e0000000)
  object space 37376K, 44% used [0x00000000a0000000,0x00000000a105d530,0x00000000a2480000)
 Metaspace       used 43264K, capacity 44306K, committed 44672K, reserved 1087488K
  class space    used 5848K, capacity 6149K, committed 6272K, reserved 1048576K
Event: 9.740 GC heap after
Heap after GC invocations=13 (full 2):
 PSYoungGen      total 94720K, used 10220K [0x00000000e0000000, 0x00000000e6680000, 0x0000000100000000)
  eden space 84480K, 0% used [0x00000000e0000000,0x00000000e0000000,0x00000000e5280000)
  from space 10240K, 99% used [0x00000000e5280000,0x00000000e5c7b3e0,0x00000000e5c80000)
  to   space 10240K, 0% used [0x00000000e5c80000,0x00000000e5c80000,0x00000000e6680000)
 ParOldGen       total 37376K, used 17483K [0x00000000a0000000, 0x00000000a2480000, 0x00000000e0000000)
  object space 37376K, 46% used [0x00000000a0000000,0x00000000a1112c88,0x00000000a2480000)
 Metaspace       used 43264K, capacity 44306K, committed 44672K, reserved 1087488K
  class space    used 5848K, capacity 6149K, committed 6272K, reserved 1048576K
}

